1970-01-01T00:33:44+00:00	docker.log	{"log":"2024-11-16 21:45:19 +0000 [error]: #0 unexpected error while checking flushed chunks. ignored. error_class=RuntimeError error=\"can't enqueue buffer file: path = /output/docker.log/buffer.b6270e96540d6f66fcf149379e0bb6fb3.log, error = 'No such file or directory @ rb_sysopen - /output/docker.log/buffer.q6270e96540d6f66fcf149379e0bb6fb3.log'\"\n","stream":"stdout"}
1970-01-01T00:33:44+00:00	docker.log	{"log":"  2024-11-16 21:45:19 +0000 [error]: #0 /usr/lib/ruby/gems/3.1.0/gems/fluentd-1.16.3/lib/fluent/plugin/buffer/file_chunk.rb:122:in `rescue in enqueued!'\n","stream":"stdout"}
1970-01-01T00:33:44+00:00	docker.log	{"log":"  2024-11-16 21:45:19 +0000 [error]: #0 /usr/lib/ruby/gems/3.1.0/gems/fluentd-1.16.3/lib/fluent/plugin/buffer/file_chunk.rb:110:in `enqueued!'\n","stream":"stdout"}
1970-01-01T00:33:44+00:00	docker.log	{"log":"  2024-11-16 21:45:19 +0000 [error]: #0 /usr/lib/ruby/gems/3.1.0/gems/fluentd-1.16.3/lib/fluent/plugin/buffer.rb:496:in `block (2 levels) in enqueue_chunk'\n","stream":"stdout"}
1970-01-01T00:33:44+00:00	docker.log	{"log":"  2024-11-16 21:45:19 +0000 [error]: #0 /usr/lib/ruby/3.1.0/monitor.rb:202:in `synchronize'\n","stream":"stdout"}
1970-01-01T00:33:44+00:00	docker.log	{"log":"  2024-11-16 21:45:19 +0000 [error]: #0 /usr/lib/ruby/3.1.0/monitor.rb:202:in `mon_synchronize'\n","stream":"stdout"}
1970-01-01T00:33:44+00:00	docker.log	{"log":"  2024-11-16 21:45:19 +0000 [error]: #0 /usr/lib/ruby/gems/3.1.0/gems/fluentd-1.16.3/lib/fluent/plugin/buffer.rb:489:in `block in enqueue_chunk'\n","stream":"stdout"}
1970-01-01T00:33:44+00:00	docker.log	{"log":"  2024-11-16 21:45:19 +0000 [error]: #0 /usr/lib/ruby/3.1.0/monitor.rb:202:in `synchronize'\n","stream":"stdout"}
1970-01-01T00:33:44+00:00	docker.log	{"log":"  2024-11-16 21:45:19 +0000 [error]: #0 /usr/lib/ruby/3.1.0/monitor.rb:202:in `mon_synchronize'\n","stream":"stdout"}
1970-01-01T00:33:44+00:00	docker.log	{"log":"  2024-11-16 21:45:19 +0000 [error]: #0 /usr/lib/ruby/gems/3.1.0/gems/fluentd-1.16.3/lib/fluent/plugin/buffer.rb:488:in `enqueue_chunk'\n","stream":"stdout"}
1970-01-01T00:33:44+00:00	docker.log	{"log":"  2024-11-16 21:45:19 +0000 [error]: #0 /usr/lib/ruby/gems/3.1.0/gems/fluentd-1.16.3/lib/fluent/plugin/buffer.rb:547:in `block in enqueue_all'\n","stream":"stdout"}
1970-01-01T00:33:44+00:00	docker.log	{"log":"  2024-11-16 21:45:19 +0000 [error]: #0 /usr/lib/ruby/gems/3.1.0/gems/fluentd-1.16.3/lib/fluent/plugin/buffer.rb:540:in `each'\n","stream":"stdout"}
1970-01-01T00:33:44+00:00	docker.log	{"log":"  2024-11-16 21:45:19 +0000 [error]: #0 /usr/lib/ruby/gems/3.1.0/gems/fluentd-1.16.3/lib/fluent/plugin/buffer.rb:540:in `enqueue_all'\n","stream":"stdout"}
1970-01-01T00:33:44+00:00	docker.log	{"log":"  2024-11-16 21:45:19 +0000 [error]: #0 /usr/lib/ruby/gems/3.1.0/gems/fluentd-1.16.3/lib/fluent/plugin/output.rb:1490:in `enqueue_thread_run'\n","stream":"stdout"}
1970-01-01T00:33:44+00:00	docker.log	{"log":"  2024-11-16 21:45:19 +0000 [error]: #0 /usr/lib/ruby/gems/3.1.0/gems/fluentd-1.16.3/lib/fluent/plugin_helper/thread.rb:78:in `block in thread_create'\n","stream":"stdout"}
1970-01-01T00:33:44+00:00	docker.log	{"log":"2024-11-16 21:45:20 +0000 [warn]: #0 failed to flush the buffer. retry_times=0 next_retry_time=2024-11-16 21:45:21 +0000 chunk=\"6270e96540d6f66fcf149379e0bb6fb3\" error_class=Errno::ENOENT error=\"No such file or directory - fstat\"\n","stream":"stdout"}
1970-01-01T00:33:44+00:00	docker.log	{"log":"  2024-11-16 21:45:20 +0000 [warn]: #0 /usr/lib/ruby/gems/3.1.0/gems/fluentd-1.16.3/lib/fluent/plugin/buffer/chunk.rb:180:in `copy_stream'\n","stream":"stdout"}
1970-01-01T00:33:44+00:00	docker.log	{"log":"  2024-11-16 21:45:20 +0000 [warn]: #0 /usr/lib/ruby/gems/3.1.0/gems/fluentd-1.16.3/lib/fluent/plugin/buffer/chunk.rb:180:in `block in write_to'\n","stream":"stdout"}
1970-01-01T00:33:44+00:00	docker.log	{"log":"  2024-11-16 21:45:20 +0000 [warn]: #0 /usr/lib/ruby/gems/3.1.0/gems/fluentd-1.16.3/lib/fluent/plugin/buffer/file_chunk.rb:171:in `open'\n","stream":"stdout"}
1970-01-01T00:33:44+00:00	docker.log	{"log":"  2024-11-16 21:45:20 +0000 [warn]: #0 /usr/lib/ruby/gems/3.1.0/gems/fluentd-1.16.3/lib/fluent/plugin/buffer/chunk.rb:179:in `write_to'\n","stream":"stdout"}
1970-01-01T00:33:44+00:00	docker.log	{"log":"  2024-11-16 21:45:20 +0000 [warn]: #0 /usr/lib/ruby/gems/3.1.0/gems/fluentd-1.16.3/lib/fluent/plugin/out_file.rb:243:in `block in write_without_compression'\n","stream":"stdout"}
1970-01-01T00:33:44+00:00	docker.log	{"log":"  2024-11-16 21:45:20 +0000 [warn]: #0 /usr/lib/ruby/gems/3.1.0/gems/fluentd-1.16.3/lib/fluent/plugin/out_file.rb:238:in `open'\n","stream":"stdout"}
1970-01-01T00:33:44+00:00	docker.log	{"log":"  2024-11-16 21:45:20 +0000 [warn]: #0 /usr/lib/ruby/gems/3.1.0/gems/fluentd-1.16.3/lib/fluent/plugin/out_file.rb:238:in `write_without_compression'\n","stream":"stdout"}
1970-01-01T00:33:44+00:00	docker.log	{"log":"  2024-11-16 21:45:20 +0000 [warn]: #0 /usr/lib/ruby/gems/3.1.0/gems/fluentd-1.16.3/lib/fluent/plugin/out_file.rb:229:in `call'\n","stream":"stdout"}
1970-01-01T00:33:44+00:00	docker.log	{"log":"  2024-11-16 21:45:20 +0000 [warn]: #0 /usr/lib/ruby/gems/3.1.0/gems/fluentd-1.16.3/lib/fluent/plugin/out_file.rb:229:in `block in write'\n","stream":"stdout"}
1970-01-01T00:33:44+00:00	docker.log	{"log":"  2024-11-16 21:45:20 +0000 [warn]: #0 /usr/lib/ruby/gems/3.1.0/gems/fluentd-1.16.3/lib/fluent/plugin/out_file.rb:333:in `find_filepath_available'\n","stream":"stdout"}
1970-01-01T00:33:44+00:00	docker.log	{"log":"  2024-11-16 21:45:20 +0000 [warn]: #0 /usr/lib/ruby/gems/3.1.0/gems/fluentd-1.16.3/lib/fluent/plugin/out_file.rb:228:in `write'\n","stream":"stdout"}
1970-01-01T00:33:44+00:00	docker.log	{"log":"  2024-11-16 21:45:20 +0000 [warn]: #0 /usr/lib/ruby/gems/3.1.0/gems/fluentd-1.16.3/lib/fluent/plugin/output.rb:1225:in `try_flush'\n","stream":"stdout"}
1970-01-01T00:33:44+00:00	docker.log	{"log":"  2024-11-16 21:45:20 +0000 [warn]: #0 /usr/lib/ruby/gems/3.1.0/gems/fluentd-1.16.3/lib/fluent/plugin/output.rb:1538:in `flush_thread_run'\n","stream":"stdout"}
1970-01-01T00:33:44+00:00	docker.log	{"log":"  2024-11-16 21:45:20 +0000 [warn]: #0 /usr/lib/ruby/gems/3.1.0/gems/fluentd-1.16.3/lib/fluent/plugin/output.rb:510:in `block (2 levels) in start'\n","stream":"stdout"}
1970-01-01T00:33:44+00:00	docker.log	{"log":"  2024-11-16 21:45:20 +0000 [warn]: #0 /usr/lib/ruby/gems/3.1.0/gems/fluentd-1.16.3/lib/fluent/plugin_helper/thread.rb:78:in `block in thread_create'\n","stream":"stdout"}
1970-01-01T00:33:44+00:00	docker.log	{"log":"[2024-11-16T21:45:21.252+00:00][INFO ][plugins.screenshotting.chromium] Browser executable: /usr/share/kibana/node_modules/@kbn/screenshotting-plugin/chromium/headless_shell-linux_x64/headless_shell\n","stream":"stdout"}
1970-01-01T00:33:44+00:00	docker.log	{"log":"2024-11-16 21:45:21 +0000 [warn]: #0 failed to flush the buffer. retry_times=1 next_retry_time=2024-11-16 21:45:23 +0000 chunk=\"6270e96540d6f66fcf149379e0bb6fb3\" error_class=Errno::ENOENT error=\"No such file or directory - fstat\"\n","stream":"stdout"}
1970-01-01T00:33:44+00:00	docker.log	{"log":"  2024-11-16 21:45:21 +0000 [warn]: #0 /usr/lib/ruby/gems/3.1.0/gems/fluentd-1.16.3/lib/fluent/plugin/buffer/chunk.rb:180:in `copy_stream'\n","stream":"stdout"}
1970-01-01T00:33:44+00:00	docker.log	{"log":"  2024-11-16 21:45:21 +0000 [warn]: #0 /usr/lib/ruby/gems/3.1.0/gems/fluentd-1.16.3/lib/fluent/plugin/buffer/chunk.rb:180:in `block in write_to'\n","stream":"stdout"}
1970-01-01T00:33:44+00:00	docker.log	{"log":"  2024-11-16 21:45:21 +0000 [warn]: #0 /usr/lib/ruby/gems/3.1.0/gems/fluentd-1.16.3/lib/fluent/plugin/buffer/file_chunk.rb:171:in `open'\n","stream":"stdout"}
1970-01-01T00:33:44+00:00	docker.log	{"log":"  2024-11-16 21:45:21 +0000 [warn]: #0 /usr/lib/ruby/gems/3.1.0/gems/fluentd-1.16.3/lib/fluent/plugin/buffer/chunk.rb:179:in `write_to'\n","stream":"stdout"}
1970-01-01T00:33:44+00:00	docker.log	{"log":"  2024-11-16 21:45:21 +0000 [warn]: #0 /usr/lib/ruby/gems/3.1.0/gems/fluentd-1.16.3/lib/fluent/plugin/out_file.rb:243:in `block in write_without_compression'\n","stream":"stdout"}
1970-01-01T00:33:44+00:00	docker.log	{"log":"  2024-11-16 21:45:21 +0000 [warn]: #0 /usr/lib/ruby/gems/3.1.0/gems/fluentd-1.16.3/lib/fluent/plugin/out_file.rb:238:in `open'\n","stream":"stdout"}
1970-01-01T00:33:44+00:00	docker.log	{"log":"  2024-11-16 21:45:21 +0000 [warn]: #0 /usr/lib/ruby/gems/3.1.0/gems/fluentd-1.16.3/lib/fluent/plugin/out_file.rb:238:in `write_without_compression'\n","stream":"stdout"}
1970-01-01T00:33:44+00:00	docker.log	{"log":"  2024-11-16 21:45:21 +0000 [warn]: #0 /usr/lib/ruby/gems/3.1.0/gems/fluentd-1.16.3/lib/fluent/plugin/out_file.rb:229:in `call'\n","stream":"stdout"}
1970-01-01T00:33:44+00:00	docker.log	{"log":"  2024-11-16 21:45:21 +0000 [warn]: #0 /usr/lib/ruby/gems/3.1.0/gems/fluentd-1.16.3/lib/fluent/plugin/out_file.rb:229:in `block in write'\n","stream":"stdout"}
1970-01-01T00:33:44+00:00	docker.log	{"log":"  2024-11-16 21:45:21 +0000 [warn]: #0 /usr/lib/ruby/gems/3.1.0/gems/fluentd-1.16.3/lib/fluent/plugin/out_file.rb:333:in `find_filepath_available'\n","stream":"stdout"}
1970-01-01T00:33:44+00:00	docker.log	{"log":"  2024-11-16 21:45:21 +0000 [warn]: #0 /usr/lib/ruby/gems/3.1.0/gems/fluentd-1.16.3/lib/fluent/plugin/out_file.rb:228:in `write'\n","stream":"stdout"}
1970-01-01T00:33:44+00:00	docker.log	{"log":"  2024-11-16 21:45:21 +0000 [warn]: #0 /usr/lib/ruby/gems/3.1.0/gems/fluentd-1.16.3/lib/fluent/plugin/output.rb:1225:in `try_flush'\n","stream":"stdout"}
1970-01-01T00:33:44+00:00	docker.log	{"log":"  2024-11-16 21:45:21 +0000 [warn]: #0 /usr/lib/ruby/gems/3.1.0/gems/fluentd-1.16.3/lib/fluent/plugin/output.rb:1538:in `flush_thread_run'\n","stream":"stdout"}
1970-01-01T00:33:44+00:00	docker.log	{"log":"  2024-11-16 21:45:21 +0000 [warn]: #0 /usr/lib/ruby/gems/3.1.0/gems/fluentd-1.16.3/lib/fluent/plugin/output.rb:510:in `block (2 levels) in start'\n","stream":"stdout"}
1970-01-01T00:33:44+00:00	docker.log	{"log":"  2024-11-16 21:45:21 +0000 [warn]: #0 /usr/lib/ruby/gems/3.1.0/gems/fluentd-1.16.3/lib/fluent/plugin_helper/thread.rb:78:in `block in thread_create'\n","stream":"stdout"}
1970-01-01T00:33:44+00:00	docker.log	{"log":"[2024-11-16T21:45:23.302+00:00][INFO ][status] Kibana is now available (was degraded)\n","stream":"stdout"}
1970-01-01T00:33:44+00:00	docker.log	{"log":"2024-11-16 21:45:23 +0000 [warn]: #0 failed to flush the buffer. retry_times=2 next_retry_time=2024-11-16 21:45:28 +0000 chunk=\"6270e96540d6f66fcf149379e0bb6fb3\" error_class=Errno::ENOENT error=\"No such file or directory - fstat\"\n","stream":"stdout"}
1970-01-01T00:33:44+00:00	docker.log	{"log":"  2024-11-16 21:45:23 +0000 [warn]: #0 /usr/lib/ruby/gems/3.1.0/gems/fluentd-1.16.3/lib/fluent/plugin/buffer/chunk.rb:180:in `copy_stream'\n","stream":"stdout"}
1970-01-01T00:33:44+00:00	docker.log	{"log":"  2024-11-16 21:45:23 +0000 [warn]: #0 /usr/lib/ruby/gems/3.1.0/gems/fluentd-1.16.3/lib/fluent/plugin/buffer/chunk.rb:180:in `block in write_to'\n","stream":"stdout"}
1970-01-01T00:33:44+00:00	docker.log	{"log":"  2024-11-16 21:45:23 +0000 [warn]: #0 /usr/lib/ruby/gems/3.1.0/gems/fluentd-1.16.3/lib/fluent/plugin/buffer/file_chunk.rb:171:in `open'\n","stream":"stdout"}
1970-01-01T00:33:44+00:00	docker.log	{"log":"  2024-11-16 21:45:23 +0000 [warn]: #0 /usr/lib/ruby/gems/3.1.0/gems/fluentd-1.16.3/lib/fluent/plugin/buffer/chunk.rb:179:in `write_to'\n","stream":"stdout"}
1970-01-01T00:33:44+00:00	docker.log	{"log":"  2024-11-16 21:45:23 +0000 [warn]: #0 /usr/lib/ruby/gems/3.1.0/gems/fluentd-1.16.3/lib/fluent/plugin/out_file.rb:243:in `block in write_without_compression'\n","stream":"stdout"}
1970-01-01T00:33:44+00:00	docker.log	{"log":"  2024-11-16 21:45:23 +0000 [warn]: #0 /usr/lib/ruby/gems/3.1.0/gems/fluentd-1.16.3/lib/fluent/plugin/out_file.rb:238:in `open'\n","stream":"stdout"}
1970-01-01T00:33:44+00:00	docker.log	{"log":"  2024-11-16 21:45:23 +0000 [warn]: #0 /usr/lib/ruby/gems/3.1.0/gems/fluentd-1.16.3/lib/fluent/plugin/out_file.rb:238:in `write_without_compression'\n","stream":"stdout"}
1970-01-01T00:33:44+00:00	docker.log	{"log":"  2024-11-16 21:45:23 +0000 [warn]: #0 /usr/lib/ruby/gems/3.1.0/gems/fluentd-1.16.3/lib/fluent/plugin/out_file.rb:229:in `call'\n","stream":"stdout"}
1970-01-01T00:33:44+00:00	docker.log	{"log":"  2024-11-16 21:45:23 +0000 [warn]: #0 /usr/lib/ruby/gems/3.1.0/gems/fluentd-1.16.3/lib/fluent/plugin/out_file.rb:229:in `block in write'\n","stream":"stdout"}
1970-01-01T00:33:44+00:00	docker.log	{"log":"  2024-11-16 21:45:23 +0000 [warn]: #0 /usr/lib/ruby/gems/3.1.0/gems/fluentd-1.16.3/lib/fluent/plugin/out_file.rb:333:in `find_filepath_available'\n","stream":"stdout"}
1970-01-01T00:33:44+00:00	docker.log	{"log":"  2024-11-16 21:45:23 +0000 [warn]: #0 /usr/lib/ruby/gems/3.1.0/gems/fluentd-1.16.3/lib/fluent/plugin/out_file.rb:228:in `write'\n","stream":"stdout"}
1970-01-01T00:33:44+00:00	docker.log	{"log":"  2024-11-16 21:45:23 +0000 [warn]: #0 /usr/lib/ruby/gems/3.1.0/gems/fluentd-1.16.3/lib/fluent/plugin/output.rb:1225:in `try_flush'\n","stream":"stdout"}
1970-01-01T00:33:44+00:00	docker.log	{"log":"  2024-11-16 21:45:23 +0000 [warn]: #0 /usr/lib/ruby/gems/3.1.0/gems/fluentd-1.16.3/lib/fluent/plugin/output.rb:1538:in `flush_thread_run'\n","stream":"stdout"}
1970-01-01T00:33:44+00:00	docker.log	{"log":"  2024-11-16 21:45:23 +0000 [warn]: #0 /usr/lib/ruby/gems/3.1.0/gems/fluentd-1.16.3/lib/fluent/plugin/output.rb:510:in `block (2 levels) in start'\n","stream":"stdout"}
1970-01-01T00:33:44+00:00	docker.log	{"log":"  2024-11-16 21:45:23 +0000 [warn]: #0 /usr/lib/ruby/gems/3.1.0/gems/fluentd-1.16.3/lib/fluent/plugin_helper/thread.rb:78:in `block in thread_create'\n","stream":"stdout"}
1970-01-01T00:33:44+00:00	docker.log	{"log":"2024-11-16 21:45:27 +0000 [warn]: #0 failed to flush the buffer. retry_times=3 next_retry_time=2024-11-16 21:45:35 +0000 chunk=\"6270e96540d6f66fcf149379e0bb6fb3\" error_class=Errno::ENOENT error=\"No such file or directory - fstat\"\n","stream":"stdout"}
1970-01-01T00:33:44+00:00	docker.log	{"log":"  2024-11-16 21:45:27 +0000 [warn]: #0 /usr/lib/ruby/gems/3.1.0/gems/fluentd-1.16.3/lib/fluent/plugin/buffer/chunk.rb:180:in `copy_stream'\n","stream":"stdout"}
1970-01-01T00:33:44+00:00	docker.log	{"log":"  2024-11-16 21:45:27 +0000 [warn]: #0 /usr/lib/ruby/gems/3.1.0/gems/fluentd-1.16.3/lib/fluent/plugin/buffer/chunk.rb:180:in `block in write_to'\n","stream":"stdout"}
1970-01-01T00:33:44+00:00	docker.log	{"log":"  2024-11-16 21:45:27 +0000 [warn]: #0 /usr/lib/ruby/gems/3.1.0/gems/fluentd-1.16.3/lib/fluent/plugin/buffer/file_chunk.rb:171:in `open'\n","stream":"stdout"}
1970-01-01T00:33:44+00:00	docker.log	{"log":"  2024-11-16 21:45:27 +0000 [warn]: #0 /usr/lib/ruby/gems/3.1.0/gems/fluentd-1.16.3/lib/fluent/plugin/buffer/chunk.rb:179:in `write_to'\n","stream":"stdout"}
1970-01-01T00:33:44+00:00	docker.log	{"log":"  2024-11-16 21:45:27 +0000 [warn]: #0 /usr/lib/ruby/gems/3.1.0/gems/fluentd-1.16.3/lib/fluent/plugin/out_file.rb:243:in `block in write_without_compression'\n","stream":"stdout"}
1970-01-01T00:33:44+00:00	docker.log	{"log":"  2024-11-16 21:45:27 +0000 [warn]: #0 /usr/lib/ruby/gems/3.1.0/gems/fluentd-1.16.3/lib/fluent/plugin/out_file.rb:238:in `open'\n","stream":"stdout"}
1970-01-01T00:33:44+00:00	docker.log	{"log":"  2024-11-16 21:45:27 +0000 [warn]: #0 /usr/lib/ruby/gems/3.1.0/gems/fluentd-1.16.3/lib/fluent/plugin/out_file.rb:238:in `write_without_compression'\n","stream":"stdout"}
1970-01-01T00:33:44+00:00	docker.log	{"log":"  2024-11-16 21:45:27 +0000 [warn]: #0 /usr/lib/ruby/gems/3.1.0/gems/fluentd-1.16.3/lib/fluent/plugin/out_file.rb:229:in `call'\n","stream":"stdout"}
1970-01-01T00:33:44+00:00	docker.log	{"log":"  2024-11-16 21:45:27 +0000 [warn]: #0 /usr/lib/ruby/gems/3.1.0/gems/fluentd-1.16.3/lib/fluent/plugin/out_file.rb:229:in `block in write'\n","stream":"stdout"}
1970-01-01T00:33:44+00:00	docker.log	{"log":"  2024-11-16 21:45:27 +0000 [warn]: #0 /usr/lib/ruby/gems/3.1.0/gems/fluentd-1.16.3/lib/fluent/plugin/out_file.rb:333:in `find_filepath_available'\n","stream":"stdout"}
1970-01-01T00:33:44+00:00	docker.log	{"log":"  2024-11-16 21:45:27 +0000 [warn]: #0 /usr/lib/ruby/gems/3.1.0/gems/fluentd-1.16.3/lib/fluent/plugin/out_file.rb:228:in `write'\n","stream":"stdout"}
1970-01-01T00:33:44+00:00	docker.log	{"log":"  2024-11-16 21:45:27 +0000 [warn]: #0 /usr/lib/ruby/gems/3.1.0/gems/fluentd-1.16.3/lib/fluent/plugin/output.rb:1225:in `try_flush'\n","stream":"stdout"}
1970-01-01T00:33:44+00:00	docker.log	{"log":"  2024-11-16 21:45:27 +0000 [warn]: #0 /usr/lib/ruby/gems/3.1.0/gems/fluentd-1.16.3/lib/fluent/plugin/output.rb:1538:in `flush_thread_run'\n","stream":"stdout"}
1970-01-01T00:33:44+00:00	docker.log	{"log":"  2024-11-16 21:45:27 +0000 [warn]: #0 /usr/lib/ruby/gems/3.1.0/gems/fluentd-1.16.3/lib/fluent/plugin/output.rb:510:in `block (2 levels) in start'\n","stream":"stdout"}
1970-01-01T00:33:44+00:00	docker.log	{"log":"  2024-11-16 21:45:27 +0000 [warn]: #0 /usr/lib/ruby/gems/3.1.0/gems/fluentd-1.16.3/lib/fluent/plugin_helper/thread.rb:78:in `block in thread_create'\n","stream":"stdout"}
1970-01-01T00:33:44+00:00	docker.log	{"log":"2024-11-16 21:45:35 +0000 [warn]: #0 failed to flush the buffer. retry_times=4 next_retry_time=2024-11-16 21:45:50 +0000 chunk=\"6270e96540d6f66fcf149379e0bb6fb3\" error_class=Errno::ENOENT error=\"No such file or directory - fstat\"\n","stream":"stdout"}
1970-01-01T00:33:44+00:00	docker.log	{"log":"  2024-11-16 21:45:35 +0000 [warn]: #0 /usr/lib/ruby/gems/3.1.0/gems/fluentd-1.16.3/lib/fluent/plugin/buffer/chunk.rb:180:in `copy_stream'\n","stream":"stdout"}
1970-01-01T00:33:44+00:00	docker.log	{"log":"  2024-11-16 21:45:35 +0000 [warn]: #0 /usr/lib/ruby/gems/3.1.0/gems/fluentd-1.16.3/lib/fluent/plugin/buffer/chunk.rb:180:in `block in write_to'\n","stream":"stdout"}
1970-01-01T00:33:44+00:00	docker.log	{"log":"  2024-11-16 21:45:35 +0000 [warn]: #0 /usr/lib/ruby/gems/3.1.0/gems/fluentd-1.16.3/lib/fluent/plugin/buffer/file_chunk.rb:171:in `open'\n","stream":"stdout"}
1970-01-01T00:33:44+00:00	docker.log	{"log":"  2024-11-16 21:45:35 +0000 [warn]: #0 /usr/lib/ruby/gems/3.1.0/gems/fluentd-1.16.3/lib/fluent/plugin/buffer/chunk.rb:179:in `write_to'\n","stream":"stdout"}
1970-01-01T00:33:44+00:00	docker.log	{"log":"  2024-11-16 21:45:35 +0000 [warn]: #0 /usr/lib/ruby/gems/3.1.0/gems/fluentd-1.16.3/lib/fluent/plugin/out_file.rb:243:in `block in write_without_compression'\n","stream":"stdout"}
1970-01-01T00:33:44+00:00	docker.log	{"log":"  2024-11-16 21:45:35 +0000 [warn]: #0 /usr/lib/ruby/gems/3.1.0/gems/fluentd-1.16.3/lib/fluent/plugin/out_file.rb:238:in `open'\n","stream":"stdout"}
1970-01-01T00:33:44+00:00	docker.log	{"log":"  2024-11-16 21:45:35 +0000 [warn]: #0 /usr/lib/ruby/gems/3.1.0/gems/fluentd-1.16.3/lib/fluent/plugin/out_file.rb:238:in `write_without_compression'\n","stream":"stdout"}
1970-01-01T00:33:44+00:00	docker.log	{"log":"  2024-11-16 21:45:35 +0000 [warn]: #0 /usr/lib/ruby/gems/3.1.0/gems/fluentd-1.16.3/lib/fluent/plugin/out_file.rb:229:in `call'\n","stream":"stdout"}
1970-01-01T00:33:44+00:00	docker.log	{"log":"  2024-11-16 21:45:35 +0000 [warn]: #0 /usr/lib/ruby/gems/3.1.0/gems/fluentd-1.16.3/lib/fluent/plugin/out_file.rb:229:in `block in write'\n","stream":"stdout"}
1970-01-01T00:33:44+00:00	docker.log	{"log":"  2024-11-16 21:45:35 +0000 [warn]: #0 /usr/lib/ruby/gems/3.1.0/gems/fluentd-1.16.3/lib/fluent/plugin/out_file.rb:333:in `find_filepath_available'\n","stream":"stdout"}
1970-01-01T00:33:44+00:00	docker.log	{"log":"  2024-11-16 21:45:35 +0000 [warn]: #0 /usr/lib/ruby/gems/3.1.0/gems/fluentd-1.16.3/lib/fluent/plugin/out_file.rb:228:in `write'\n","stream":"stdout"}
1970-01-01T00:33:44+00:00	docker.log	{"log":"  2024-11-16 21:45:35 +0000 [warn]: #0 /usr/lib/ruby/gems/3.1.0/gems/fluentd-1.16.3/lib/fluent/plugin/output.rb:1225:in `try_flush'\n","stream":"stdout"}
1970-01-01T00:33:44+00:00	docker.log	{"log":"  2024-11-16 21:45:35 +0000 [warn]: #0 /usr/lib/ruby/gems/3.1.0/gems/fluentd-1.16.3/lib/fluent/plugin/output.rb:1538:in `flush_thread_run'\n","stream":"stdout"}
1970-01-01T00:33:44+00:00	docker.log	{"log":"  2024-11-16 21:45:35 +0000 [warn]: #0 /usr/lib/ruby/gems/3.1.0/gems/fluentd-1.16.3/lib/fluent/plugin/output.rb:510:in `block (2 levels) in start'\n","stream":"stdout"}
1970-01-01T00:33:44+00:00	docker.log	{"log":"  2024-11-16 21:45:35 +0000 [warn]: #0 /usr/lib/ruby/gems/3.1.0/gems/fluentd-1.16.3/lib/fluent/plugin_helper/thread.rb:78:in `block in thread_create'\n","stream":"stdout"}
1970-01-01T00:33:44+00:00	docker.log	{"log":"2024-11-16 21:45:49 +0000 [warn]: #0 failed to flush the buffer. retry_times=5 next_retry_time=2024-11-16 21:46:25 +0000 chunk=\"6270e96540d6f66fcf149379e0bb6fb3\" error_class=Errno::ENOENT error=\"No such file or directory - fstat\"\n","stream":"stdout"}
1970-01-01T00:33:44+00:00	docker.log	{"log":"  2024-11-16 21:45:49 +0000 [warn]: #0 /usr/lib/ruby/gems/3.1.0/gems/fluentd-1.16.3/lib/fluent/plugin/buffer/chunk.rb:180:in `copy_stream'\n","stream":"stdout"}
1970-01-01T00:33:44+00:00	docker.log	{"log":"  2024-11-16 21:45:49 +0000 [warn]: #0 /usr/lib/ruby/gems/3.1.0/gems/fluentd-1.16.3/lib/fluent/plugin/buffer/chunk.rb:180:in `block in write_to'\n","stream":"stdout"}
1970-01-01T00:33:44+00:00	docker.log	{"log":"  2024-11-16 21:45:49 +0000 [warn]: #0 /usr/lib/ruby/gems/3.1.0/gems/fluentd-1.16.3/lib/fluent/plugin/buffer/file_chunk.rb:171:in `open'\n","stream":"stdout"}
1970-01-01T00:33:44+00:00	docker.log	{"log":"  2024-11-16 21:45:49 +0000 [warn]: #0 /usr/lib/ruby/gems/3.1.0/gems/fluentd-1.16.3/lib/fluent/plugin/buffer/chunk.rb:179:in `write_to'\n","stream":"stdout"}
1970-01-01T00:33:44+00:00	docker.log	{"log":"  2024-11-16 21:45:49 +0000 [warn]: #0 /usr/lib/ruby/gems/3.1.0/gems/fluentd-1.16.3/lib/fluent/plugin/out_file.rb:243:in `block in write_without_compression'\n","stream":"stdout"}
1970-01-01T00:33:44+00:00	docker.log	{"log":"  2024-11-16 21:45:49 +0000 [warn]: #0 /usr/lib/ruby/gems/3.1.0/gems/fluentd-1.16.3/lib/fluent/plugin/out_file.rb:238:in `open'\n","stream":"stdout"}
1970-01-01T00:33:44+00:00	docker.log	{"log":"  2024-11-16 21:45:49 +0000 [warn]: #0 /usr/lib/ruby/gems/3.1.0/gems/fluentd-1.16.3/lib/fluent/plugin/out_file.rb:238:in `write_without_compression'\n","stream":"stdout"}
1970-01-01T00:33:44+00:00	docker.log	{"log":"  2024-11-16 21:45:49 +0000 [warn]: #0 /usr/lib/ruby/gems/3.1.0/gems/fluentd-1.16.3/lib/fluent/plugin/out_file.rb:229:in `call'\n","stream":"stdout"}
1970-01-01T00:33:44+00:00	docker.log	{"log":"  2024-11-16 21:45:49 +0000 [warn]: #0 /usr/lib/ruby/gems/3.1.0/gems/fluentd-1.16.3/lib/fluent/plugin/out_file.rb:229:in `block in write'\n","stream":"stdout"}
1970-01-01T00:33:44+00:00	docker.log	{"log":"  2024-11-16 21:45:49 +0000 [warn]: #0 /usr/lib/ruby/gems/3.1.0/gems/fluentd-1.16.3/lib/fluent/plugin/out_file.rb:333:in `find_filepath_available'\n","stream":"stdout"}
1970-01-01T00:33:44+00:00	docker.log	{"log":"  2024-11-16 21:45:49 +0000 [warn]: #0 /usr/lib/ruby/gems/3.1.0/gems/fluentd-1.16.3/lib/fluent/plugin/out_file.rb:228:in `write'\n","stream":"stdout"}
1970-01-01T00:33:44+00:00	docker.log	{"log":"  2024-11-16 21:45:49 +0000 [warn]: #0 /usr/lib/ruby/gems/3.1.0/gems/fluentd-1.16.3/lib/fluent/plugin/output.rb:1225:in `try_flush'\n","stream":"stdout"}
1970-01-01T00:33:44+00:00	docker.log	{"log":"  2024-11-16 21:45:49 +0000 [warn]: #0 /usr/lib/ruby/gems/3.1.0/gems/fluentd-1.16.3/lib/fluent/plugin/output.rb:1538:in `flush_thread_run'\n","stream":"stdout"}
1970-01-01T00:33:44+00:00	docker.log	{"log":"  2024-11-16 21:45:49 +0000 [warn]: #0 /usr/lib/ruby/gems/3.1.0/gems/fluentd-1.16.3/lib/fluent/plugin/output.rb:510:in `block (2 levels) in start'\n","stream":"stdout"}
1970-01-01T00:33:44+00:00	docker.log	{"log":"  2024-11-16 21:45:49 +0000 [warn]: #0 /usr/lib/ruby/gems/3.1.0/gems/fluentd-1.16.3/lib/fluent/plugin_helper/thread.rb:78:in `block in thread_create'\n","stream":"stdout"}
1970-01-01T00:33:44+00:00	docker.log	{"log":"2024-11-16 21:46:24 +0000 [warn]: #0 failed to flush the buffer. retry_times=6 next_retry_time=2024-11-16 21:47:33 +0000 chunk=\"6270e96540d6f66fcf149379e0bb6fb3\" error_class=Errno::ENOENT error=\"No such file or directory - fstat\"\n","stream":"stdout"}
1970-01-01T00:33:44+00:00	docker.log	{"log":"  2024-11-16 21:46:24 +0000 [warn]: #0 /usr/lib/ruby/gems/3.1.0/gems/fluentd-1.16.3/lib/fluent/plugin/buffer/chunk.rb:180:in `copy_stream'\n","stream":"stdout"}
1970-01-01T00:33:44+00:00	docker.log	{"log":"  2024-11-16 21:46:24 +0000 [warn]: #0 /usr/lib/ruby/gems/3.1.0/gems/fluentd-1.16.3/lib/fluent/plugin/buffer/chunk.rb:180:in `block in write_to'\n","stream":"stdout"}
1970-01-01T00:33:44+00:00	docker.log	{"log":"  2024-11-16 21:46:24 +0000 [warn]: #0 /usr/lib/ruby/gems/3.1.0/gems/fluentd-1.16.3/lib/fluent/plugin/buffer/file_chunk.rb:171:in `open'\n","stream":"stdout"}
1970-01-01T00:33:44+00:00	docker.log	{"log":"  2024-11-16 21:46:24 +0000 [warn]: #0 /usr/lib/ruby/gems/3.1.0/gems/fluentd-1.16.3/lib/fluent/plugin/buffer/chunk.rb:179:in `write_to'\n","stream":"stdout"}
1970-01-01T00:33:44+00:00	docker.log	{"log":"  2024-11-16 21:46:24 +0000 [warn]: #0 /usr/lib/ruby/gems/3.1.0/gems/fluentd-1.16.3/lib/fluent/plugin/out_file.rb:243:in `block in write_without_compression'\n","stream":"stdout"}
1970-01-01T00:33:44+00:00	docker.log	{"log":"  2024-11-16 21:46:24 +0000 [warn]: #0 /usr/lib/ruby/gems/3.1.0/gems/fluentd-1.16.3/lib/fluent/plugin/out_file.rb:238:in `open'\n","stream":"stdout"}
1970-01-01T00:33:44+00:00	docker.log	{"log":"  2024-11-16 21:46:24 +0000 [warn]: #0 /usr/lib/ruby/gems/3.1.0/gems/fluentd-1.16.3/lib/fluent/plugin/out_file.rb:238:in `write_without_compression'\n","stream":"stdout"}
1970-01-01T00:33:44+00:00	docker.log	{"log":"  2024-11-16 21:46:24 +0000 [warn]: #0 /usr/lib/ruby/gems/3.1.0/gems/fluentd-1.16.3/lib/fluent/plugin/out_file.rb:229:in `call'\n","stream":"stdout"}
1970-01-01T00:33:44+00:00	docker.log	{"log":"  2024-11-16 21:46:24 +0000 [warn]: #0 /usr/lib/ruby/gems/3.1.0/gems/fluentd-1.16.3/lib/fluent/plugin/out_file.rb:229:in `block in write'\n","stream":"stdout"}
1970-01-01T00:33:44+00:00	docker.log	{"log":"  2024-11-16 21:46:24 +0000 [warn]: #0 /usr/lib/ruby/gems/3.1.0/gems/fluentd-1.16.3/lib/fluent/plugin/out_file.rb:333:in `find_filepath_available'\n","stream":"stdout"}
1970-01-01T00:33:44+00:00	docker.log	{"log":"  2024-11-16 21:46:24 +0000 [warn]: #0 /usr/lib/ruby/gems/3.1.0/gems/fluentd-1.16.3/lib/fluent/plugin/out_file.rb:228:in `write'\n","stream":"stdout"}
1970-01-01T00:33:44+00:00	docker.log	{"log":"  2024-11-16 21:46:24 +0000 [warn]: #0 /usr/lib/ruby/gems/3.1.0/gems/fluentd-1.16.3/lib/fluent/plugin/output.rb:1225:in `try_flush'\n","stream":"stdout"}
1970-01-01T00:33:44+00:00	docker.log	{"log":"  2024-11-16 21:46:24 +0000 [warn]: #0 /usr/lib/ruby/gems/3.1.0/gems/fluentd-1.16.3/lib/fluent/plugin/output.rb:1538:in `flush_thread_run'\n","stream":"stdout"}
1970-01-01T00:33:44+00:00	docker.log	{"log":"  2024-11-16 21:46:24 +0000 [warn]: #0 /usr/lib/ruby/gems/3.1.0/gems/fluentd-1.16.3/lib/fluent/plugin/output.rb:510:in `block (2 levels) in start'\n","stream":"stdout"}
1970-01-01T00:33:44+00:00	docker.log	{"log":"  2024-11-16 21:46:24 +0000 [warn]: #0 /usr/lib/ruby/gems/3.1.0/gems/fluentd-1.16.3/lib/fluent/plugin_helper/thread.rb:78:in `block in thread_create'\n","stream":"stdout"}
1970-01-01T00:33:44+00:00	docker.log	{"log":"2024-11-16 21:47:33 +0000 [warn]: #0 failed to flush the buffer. retry_times=7 next_retry_time=2024-11-16 21:49:53 +0000 chunk=\"6270e96540d6f66fcf149379e0bb6fb3\" error_class=Errno::ENOENT error=\"No such file or directory - fstat\"\n","stream":"stdout"}
1970-01-01T00:33:44+00:00	docker.log	{"log":"  2024-11-16 21:47:33 +0000 [warn]: #0 /usr/lib/ruby/gems/3.1.0/gems/fluentd-1.16.3/lib/fluent/plugin/buffer/chunk.rb:180:in `copy_stream'\n","stream":"stdout"}
1970-01-01T00:33:44+00:00	docker.log	{"log":"  2024-11-16 21:47:33 +0000 [warn]: #0 /usr/lib/ruby/gems/3.1.0/gems/fluentd-1.16.3/lib/fluent/plugin/buffer/chunk.rb:180:in `block in write_to'\n","stream":"stdout"}
1970-01-01T00:33:44+00:00	docker.log	{"log":"  2024-11-16 21:47:33 +0000 [warn]: #0 /usr/lib/ruby/gems/3.1.0/gems/fluentd-1.16.3/lib/fluent/plugin/buffer/file_chunk.rb:171:in `open'\n","stream":"stdout"}
1970-01-01T00:33:44+00:00	docker.log	{"log":"  2024-11-16 21:47:33 +0000 [warn]: #0 /usr/lib/ruby/gems/3.1.0/gems/fluentd-1.16.3/lib/fluent/plugin/buffer/chunk.rb:179:in `write_to'\n","stream":"stdout"}
1970-01-01T00:33:44+00:00	docker.log	{"log":"  2024-11-16 21:47:33 +0000 [warn]: #0 /usr/lib/ruby/gems/3.1.0/gems/fluentd-1.16.3/lib/fluent/plugin/out_file.rb:243:in `block in write_without_compression'\n","stream":"stdout"}
1970-01-01T00:33:44+00:00	docker.log	{"log":"  2024-11-16 21:47:33 +0000 [warn]: #0 /usr/lib/ruby/gems/3.1.0/gems/fluentd-1.16.3/lib/fluent/plugin/out_file.rb:238:in `open'\n","stream":"stdout"}
1970-01-01T00:33:44+00:00	docker.log	{"log":"  2024-11-16 21:47:33 +0000 [warn]: #0 /usr/lib/ruby/gems/3.1.0/gems/fluentd-1.16.3/lib/fluent/plugin/out_file.rb:238:in `write_without_compression'\n","stream":"stdout"}
1970-01-01T00:33:44+00:00	docker.log	{"log":"  2024-11-16 21:47:33 +0000 [warn]: #0 /usr/lib/ruby/gems/3.1.0/gems/fluentd-1.16.3/lib/fluent/plugin/out_file.rb:229:in `call'\n","stream":"stdout"}
1970-01-01T00:33:44+00:00	docker.log	{"log":"  2024-11-16 21:47:33 +0000 [warn]: #0 /usr/lib/ruby/gems/3.1.0/gems/fluentd-1.16.3/lib/fluent/plugin/out_file.rb:229:in `block in write'\n","stream":"stdout"}
1970-01-01T00:33:44+00:00	docker.log	{"log":"  2024-11-16 21:47:33 +0000 [warn]: #0 /usr/lib/ruby/gems/3.1.0/gems/fluentd-1.16.3/lib/fluent/plugin/out_file.rb:333:in `find_filepath_available'\n","stream":"stdout"}
1970-01-01T00:33:44+00:00	docker.log	{"log":"  2024-11-16 21:47:33 +0000 [warn]: #0 /usr/lib/ruby/gems/3.1.0/gems/fluentd-1.16.3/lib/fluent/plugin/out_file.rb:228:in `write'\n","stream":"stdout"}
1970-01-01T00:33:44+00:00	docker.log	{"log":"  2024-11-16 21:47:33 +0000 [warn]: #0 /usr/lib/ruby/gems/3.1.0/gems/fluentd-1.16.3/lib/fluent/plugin/output.rb:1225:in `try_flush'\n","stream":"stdout"}
1970-01-01T00:33:44+00:00	docker.log	{"log":"  2024-11-16 21:47:33 +0000 [warn]: #0 /usr/lib/ruby/gems/3.1.0/gems/fluentd-1.16.3/lib/fluent/plugin/output.rb:1538:in `flush_thread_run'\n","stream":"stdout"}
1970-01-01T00:33:44+00:00	docker.log	{"log":"  2024-11-16 21:47:33 +0000 [warn]: #0 /usr/lib/ruby/gems/3.1.0/gems/fluentd-1.16.3/lib/fluent/plugin/output.rb:510:in `block (2 levels) in start'\n","stream":"stdout"}
1970-01-01T00:33:44+00:00	docker.log	{"log":"  2024-11-16 21:47:33 +0000 [warn]: #0 /usr/lib/ruby/gems/3.1.0/gems/fluentd-1.16.3/lib/fluent/plugin_helper/thread.rb:78:in `block in thread_create'\n","stream":"stdout"}
1970-01-01T00:33:44+00:00	docker.log	{"log":"[2024-11-16T21:48:50.367+00:00][INFO ][plugins.fleet] Fleet Usage: {\"agents_enabled\":true,\"agents\":{\"total_enrolled\":0,\"healthy\":0,\"unhealthy\":0,\"offline\":0,\"inactive\":0,\"unenrolled\":0,\"total_all_statuses\":0,\"updating\":0},\"fleet_server\":{\"total_all_statuses\":0,\"total_enrolled\":0,\"healthy\":0,\"unhealthy\":0,\"offline\":0,\"updating\":0,\"num_host_urls\":0}}\n","stream":"stdout"}
1970-01-01T00:33:44+00:00	docker.log	{"log":"2024-11-16 21:49:38 +0000 [info]: Received graceful stop\n","stream":"stdout"}
1970-01-01T00:33:44+00:00	docker.log	{"log":"2024-11-16 21:49:39 +0000 [info]: #0 fluentd worker is now stopping worker=0\n","stream":"stdout"}
1970-01-01T00:33:44+00:00	docker.log	{"log":"2024-11-16 21:49:39 +0000 [info]: #0 shutting down fluentd worker worker=0\n","stream":"stdout"}
1970-01-01T00:33:44+00:00	docker.log	{"log":"2024-11-16 21:49:39 +0000 [info]: #0 shutting down input plugin type=:tail plugin_id=\"object:898\"\n","stream":"stdout"}
1970-01-01T00:33:44+00:00	docker.log	{"log":"[2024-11-16T21:49:38.444+00:00][INFO ][root] SIGTERM received - initiating shutdown\n","stream":"stdout"}
1970-01-01T00:33:44+00:00	docker.log	{"log":"[2024-11-16T21:49:38.445+00:00][INFO ][root] Kibana is shutting down\n","stream":"stdout"}
1970-01-01T00:33:44+00:00	docker.log	{"log":"[2024-11-16T21:49:38.451+00:00][INFO ][plugins-system.standard] Stopping all plugins.\n","stream":"stdout"}
1970-01-01T00:33:44+00:00	docker.log	{"log":"[2024-11-16T21:49:38.453+00:00][INFO ][plugins.monitoring.monitoring.kibana-monitoring] Monitoring stats collection is stopped\n","stream":"stdout"}
1970-01-01T00:33:44+00:00	docker.log	{"log":"[2024-11-16T21:49:38.519+00:00][INFO ][plugins.fleet] Beginning fleet setup\n","stream":"stdout"}
1970-01-01T00:33:44+00:00	docker.log	{"log":"[2024-11-16T21:49:38.535+00:00][WARN ][plugins.fleet] Old fleet indices cleanup failed: There are no living connections\n","stream":"stdout"}
